# JRE version: Java(TM) SE Runtime Environment (21.0.8+12) (build 21.0.8+12-LTS-250)
# Java VM: Java HotSpot(TM) 64-Bit Server VM (21.0.8+12-LTS-250, mixed mode, emulated-client, sharing, tiered, compressed oops, compressed class ptrs, g1 gc, windows-amd64)
GC Precious Log:
 CardTable entry size: 512
 Card Set container configuration: InlinePtr #cards 5 size 8 Array Of Cards #cards 12 size 40 Howl #buckets 4 coarsen threshold 1843 Howl Bitmap #cards 512 size 80 coarsen threshold 460 Card regions per heap region 1 cards per card region 2048
 CPUs: 12 total, 12 available
 Memory: 7501M
 Large Page Support: Disabled
 NUMA Support: Disabled
 Compressed Oops: Enabled (32-bit)
 Heap Region Size: 1M
 Heap Min Capacity: 8M
 Heap Initial Capacity: 118M
 Heap Max Capacity: 1876M
 Pre-touch: Disabled
 Parallel Workers: 10
 Concurrent Workers: 3
 Concurrent Refinement Workers: 10
 Periodic GC: Disabled
Heap:
 garbage-first heap   total 68608K, used 67842K [0x000000008ac00000, 0x0000000100000000)
  region size 1024K, 48 young (49152K), 0 survivors (0K)
 Metaspace       used 29744K, committed 30272K, reserved 1114112K
  class space    used 4122K, committed 4352K, reserved 1048576K
GC Heap History (7 events):
Event: 2.674 GC heap before
{Heap before GC invocations=0 (full 0):
 garbage-first heap   total 120832K, used 27648K [0x000000008ac00000, 0x0000000100000000)
  region size 1024K, 23 young (23552K), 0 survivors (0K)
 Metaspace       used 4630K, committed 4864K, reserved 1114112K
  class space    used 603K, committed 704K, reserved 1048576K
}
Event: 2.687 GC heap after
{Heap after GC invocations=1 (full 0):
 garbage-first heap   total 120832K, used 11095K [0x000000008ac00000, 0x0000000100000000)
  region size 1024K, 3 young (3072K), 3 survivors (3072K)
 Metaspace       used 4630K, committed 4864K, reserved 1114112K
  class space    used 603K, committed 704K, reserved 1048576K
}
Event: 5.768 GC heap before
{Heap before GC invocations=1 (full 0):
 garbage-first heap   total 120832K, used 37719K [0x000000008ac00000, 0x0000000100000000)
  region size 1024K, 29 young (29696K), 3 survivors (3072K)
 Metaspace       used 11490K, committed 11904K, reserved 1114112K
  class space    used 1576K, committed 1792K, reserved 1048576K
}
Event: 5.778 GC heap after
{Heap after GC invocations=2 (full 0):
 garbage-first heap   total 120832K, used 13624K [0x000000008ac00000, 0x0000000100000000)
  region size 1024K, 3 young (3072K), 3 survivors (3072K)
 Metaspace       used 11490K, committed 11904K, reserved 1114112K
  class space    used 1576K, committed 1792K, reserved 1048576K
}
Event: 10.549 GC heap before
{Heap before GC invocations=2 (full 0):
 garbage-first heap   total 120832K, used 75064K [0x000000008ac00000, 0x0000000100000000)
  region size 1024K, 65 young (66560K), 3 survivors (3072K)
 Metaspace       used 20886K, committed 21312K, reserved 1114112K
  class space    used 2784K, committed 3008K, reserved 1048576K
}
Event: 10.565 GC heap after
{Heap after GC invocations=3 (full 0):
 garbage-first heap   total 120832K, used 18690K [0x000000008ac00000, 0x0000000100000000)
  region size 1024K, 8 young (8192K), 8 survivors (8192K)
 Metaspace       used 20886K, committed 21312K, reserved 1114112K
  class space    used 2784K, committed 3008K, reserved 1048576K
}
Event: 12.867 GC heap before
{Heap before GC invocations=4 (full 0):
 garbage-first heap   total 68608K, used 67842K [0x000000008ac00000, 0x0000000100000000)
  region size 1024K, 56 young (57344K), 8 survivors (8192K)
 Metaspace       used 29744K, committed 30272K, reserved 1114112K
  class space    used 4122K, committed 4352K, reserved 1048576K
}

